<?xml version="1.0" encoding="UTF-8"?>
<!-- Generated by org.testng.reporters.JUnitReportReporter -->
<testsuite hostname="Ivaan" failures="0" tests="1" name="mandatoryHomeWork.DailyHomeWork.ReverseInt" time="0.010" errors="0" timestamp="2023-08-21T08:13:49 IST" skipped="0">
  <testcase classname="mandatoryHomeWork.DailyHomeWork.ReverseInt" name="Test1" time="0.010"/>
  <system-out/>
</testsuite> <!-- mandatoryHomeWork.DailyHomeWork.ReverseInt -->
