<?xml version="1.0" encoding="UTF-8"?>
<!-- Generated by org.testng.reporters.JUnitReportReporter -->
<testsuite hostname="Ivaan" failures="0" tests="1" name="tests.SetMismatch" time="0.024" errors="0" timestamp="2023-08-22T19:19:38 IST" skipped="0">
  <testcase classname="tests.SetMismatch" name="Test1" time="0.024"/>
  <system-out/>
</testsuite> <!-- tests.SetMismatch -->
