<?xml version="1.0" encoding="UTF-8"?>
<!-- Generated by org.testng.reporters.JUnitReportReporter -->
<testsuite hostname="Ivaan" failures="0" tests="1" name="tests.MissingNumber" time="0.020" errors="0" timestamp="2023-08-22T19:55:26 IST" skipped="0">
  <testcase classname="tests.MissingNumber" name="Test1" time="0.020"/>
  <system-out/>
</testsuite> <!-- tests.MissingNumber -->
