<?xml version="1.0" encoding="UTF-8"?>
<!-- Generated by org.testng.reporters.JUnitReportReporter -->
<testsuite hostname="Ivaan" failures="0" tests="1" name="tests.MyClass" time="0.010" errors="0" timestamp="2023-08-19T12:58:26 IST" skipped="0">
  <testcase classname="tests.MyClass" name="Test1" time="0.010"/>
  <system-out/>
</testsuite> <!-- tests.MyClass -->
