<?xml version="1.0" encoding="UTF-8"?>
<!-- Generated by org.testng.reporters.JUnitReportReporter -->
<testsuite hostname="Ivaan" failures="0" tests="1" name="tests.PositiveNumberLessThanGiven" time="0.013" errors="0" timestamp="2023-08-18T20:02:33 IST" skipped="0">
  <testcase classname="tests.PositiveNumberLessThanGiven" name="Test1" time="0.013"/>
  <system-out/>
</testsuite> <!-- tests.PositiveNumberLessThanGiven -->
