<?xml version="1.0" encoding="UTF-8"?>
<!-- Generated by org.testng.reporters.JUnitReportReporter -->
<testsuite hostname="Ivaan" failures="0" tests="1" name="tests.SpyNumber" time="0.010" errors="0" timestamp="2023-08-18T20:24:50 IST" skipped="0">
  <testcase classname="tests.SpyNumber" name="Test1" time="0.010"/>
  <system-out/>
</testsuite> <!-- tests.SpyNumber -->
