<?xml version="1.0" encoding="UTF-8"?>
<!-- Generated by org.testng.reporters.JUnitReportReporter -->
<testsuite hostname="Ivaan" failures="0" tests="1" name="JiraAPI.CreateBug" time="3.357" errors="0" timestamp="2023-08-15T15:45:09 IST" skipped="0">
  <testcase classname="JiraAPI.CreateBug" name="create" time="3.357"/>
  <system-out/>
</testsuite> <!-- JiraAPI.CreateBug -->
