<?xml version="1.0" encoding="UTF-8"?>
<!-- Generated by org.testng.reporters.JUnitReportReporter -->
<testsuite hostname="Ivaan" failures="0" tests="1" name="ServiceNow.CreateIncident" time="6.199" errors="0" timestamp="2023-08-15T14:29:54 IST" skipped="0">
  <testcase classname="ServiceNow.CreateIncident" name="create" time="6.199"/>
  <system-out/>
</testsuite> <!-- ServiceNow.CreateIncident -->
