<?xml version="1.0" encoding="UTF-8"?>
<!-- Generated by org.testng.reporters.JUnitReportReporter -->
<testsuite hostname="Ivaan" failures="0" tests="1" name="JiraAPI.DeleteBug" time="0.801" errors="0" timestamp="2023-08-15T15:45:09 IST" skipped="0">
  <testcase classname="JiraAPI.DeleteBug" name="delete" time="0.801"/>
  <system-out/>
</testsuite> <!-- JiraAPI.DeleteBug -->
